{
  "RSpec": {
    "coverage": {
      "/Users/pat/Projects/rails_engine/app/models/customer.rb": [
        1,
        1,
        1,
        null
      ],
      "/Users/pat/Projects/rails_engine/app/models/application_record.rb": [
        1,
        1,
        null
      ],
      "/Users/pat/Projects/rails_engine/spec/models/merchant_spec.rb": [
        1,
        null,
        1,
        1,
        2,
        null,
        null
      ],
      "/Users/pat/Projects/rails_engine/app/models/merchant.rb": [
        1,
        1,
        null
      ]
    },
    "timestamp": 1538439009
  }
}
